{"/Users/arifayanidowu/Desktop/dev/tutorials/sportex/src/index.js": {"path":"/Users/arifayanidowu/Desktop/dev/tutorials/sportex/src/index.js","statementMap":{"0":{"start":{"line":1,"column":19},"end":{"line":1,"column":36}},"1":{"start":{"line":2,"column":26},"end":{"line":2,"column":41}},"2":{"start":{"line":4,"column":22},"end":{"line":4,"column":55}},"3":{"start":{"line":5,"column":12},"end":{"line":5,"column":32}},"4":{"start":{"line":6,"column":15},"end":{"line":6,"column":32}},"5":{"start":{"line":7,"column":16},"end":{"line":7,"column":34}},"6":{"start":{"line":8,"column":18},"end":{"line":8,"column":47}},"7":{"start":{"line":9,"column":16},"end":{"line":9,"column":42}},"8":{"start":{"line":10,"column":19},"end":{"line":10,"column":52}},"9":{"start":{"line":11,"column":15},"end":{"line":11,"column":32}},"10":{"start":{"line":12,"column":15},"end":{"line":12,"column":32}},"11":{"start":{"line":13,"column":20},"end":{"line":13,"column":43}},"12":{"start":{"line":15,"column":18},"end":{"line":15,"column":40}},"13":{"start":{"line":16,"column":19},"end":{"line":16,"column":49}},"14":{"start":{"line":17,"column":21},"end":{"line":17,"column":54}},"15":{"start":{"line":18,"column":19},"end":{"line":18,"column":49}},"16":{"start":{"line":19,"column":20},"end":{"line":19,"column":51}},"17":{"start":{"line":21,"column":21},"end":{"line":21,"column":45}},"18":{"start":{"line":23,"column":0},"end":{"line":23,"column":9}},"19":{"start":{"line":25,"column":0},"end":{"line":25,"column":12}},"20":{"start":{"line":43,"column":0},"end":{"line":43,"column":16}},"21":{"start":{"line":45,"column":16},"end":{"line":48,"column":2}},"22":{"start":{"line":50,"column":12},"end":{"line":50,"column":21}},"23":{"start":{"line":52,"column":0},"end":{"line":54,"column":1}},"24":{"start":{"line":53,"column":2},"end":{"line":53,"column":25}},"25":{"start":{"line":73,"column":0},"end":{"line":73,"column":49}},"26":{"start":{"line":74,"column":0},"end":{"line":74,"column":41}},"27":{"start":{"line":75,"column":0},"end":{"line":75,"column":25}},"28":{"start":{"line":77,"column":0},"end":{"line":77,"column":15}},"29":{"start":{"line":78,"column":0},"end":{"line":78,"column":18}},"30":{"start":{"line":79,"column":0},"end":{"line":79,"column":17}},"31":{"start":{"line":81,"column":0},"end":{"line":81,"column":34}},"32":{"start":{"line":82,"column":0},"end":{"line":82,"column":34}},"33":{"start":{"line":83,"column":0},"end":{"line":83,"column":39}},"34":{"start":{"line":84,"column":0},"end":{"line":84,"column":29}},"35":{"start":{"line":86,"column":0},"end":{"line":96,"column":1}},"36":{"start":{"line":87,"column":2},"end":{"line":87,"column":54}},"37":{"start":{"line":89,"column":2},"end":{"line":91,"column":4}},"38":{"start":{"line":90,"column":4},"end":{"line":90,"column":60}},"39":{"start":{"line":93,"column":2},"end":{"line":95,"column":5}},"40":{"start":{"line":94,"column":4},"end":{"line":94,"column":35}},"41":{"start":{"line":98,"column":0},"end":{"line":98,"column":21}}},"fnMap":{"0":{"name":"(anonymous_0)","decl":{"start":{"line":89,"column":15},"end":{"line":89,"column":16}},"loc":{"start":{"line":90,"column":4},"end":{"line":90,"column":60}},"line":90},"1":{"name":"(anonymous_1)","decl":{"start":{"line":93,"column":15},"end":{"line":93,"column":16}},"loc":{"start":{"line":93,"column":29},"end":{"line":95,"column":3}},"line":93}},"branchMap":{"0":{"loc":{"start":{"line":52,"column":0},"end":{"line":54,"column":1}},"type":"if","locations":[{"start":{"line":52,"column":0},"end":{"line":54,"column":1}},{"start":{"line":52,"column":0},"end":{"line":54,"column":1}}],"line":52},"1":{"loc":{"start":{"line":86,"column":0},"end":{"line":96,"column":1}},"type":"if","locations":[{"start":{"line":86,"column":0},"end":{"line":96,"column":1}},{"start":{"line":86,"column":0},"end":{"line":96,"column":1}}],"line":86}},"s":{"0":1,"1":1,"2":1,"3":1,"4":1,"5":1,"6":1,"7":1,"8":1,"9":1,"10":1,"11":1,"12":1,"13":1,"14":1,"15":1,"16":1,"17":1,"18":1,"19":1,"20":1,"21":1,"22":1,"23":1,"24":0,"25":1,"26":1,"27":1,"28":1,"29":1,"30":1,"31":1,"32":1,"33":1,"34":1,"35":1,"36":0,"37":0,"38":0,"39":1,"40":0,"41":1},"f":{"0":0,"1":0},"b":{"0":[0,1],"1":[0,1]},"_coverageSchema":"1a1c01bbd47fc00a2c39e90264f33305004495a9","hash":"0edecedd0f882c68aa395a8928b023a56d3db4d8"}
,"/Users/arifayanidowu/Desktop/dev/tutorials/sportex/src/config/db.js": {"path":"/Users/arifayanidowu/Desktop/dev/tutorials/sportex/src/config/db.js","statementMap":{"0":{"start":{"line":1,"column":17},"end":{"line":1,"column":36}},"1":{"start":{"line":3,"column":18},"end":{"line":20,"column":1}},"2":{"start":{"line":4,"column":2},"end":{"line":19,"column":3}},"3":{"start":{"line":6,"column":6},"end":{"line":8,"column":31}},"4":{"start":{"line":9,"column":17},"end":{"line":13,"column":6}},"5":{"start":{"line":15,"column":4},"end":{"line":15,"column":77}},"6":{"start":{"line":17,"column":4},"end":{"line":17,"column":64}},"7":{"start":{"line":18,"column":4},"end":{"line":18,"column":20}},"8":{"start":{"line":22,"column":0},"end":{"line":22,"column":27}}},"fnMap":{"0":{"name":"(anonymous_0)","decl":{"start":{"line":3,"column":18},"end":{"line":3,"column":19}},"loc":{"start":{"line":3,"column":30},"end":{"line":20,"column":1}},"line":3}},"branchMap":{"0":{"loc":{"start":{"line":6,"column":6},"end":{"line":8,"column":31}},"type":"cond-expr","locations":[{"start":{"line":7,"column":10},"end":{"line":7,"column":49}},{"start":{"line":8,"column":10},"end":{"line":8,"column":31}}],"line":6}},"s":{"0":1,"1":1,"2":1,"3":1,"4":1,"5":1,"6":0,"7":0,"8":1},"f":{"0":1},"b":{"0":[1,0]},"_coverageSchema":"1a1c01bbd47fc00a2c39e90264f33305004495a9","hash":"523b3e3f3ec63a8fc43371193433d61020d35020"}
,"/Users/arifayanidowu/Desktop/dev/tutorials/sportex/src/controllers/fixtureController.js": {"path":"/Users/arifayanidowu/Desktop/dev/tutorials/sportex/src/controllers/fixtureController.js","statementMap":{"0":{"start":{"line":1,"column":21},"end":{"line":1,"column":53}},"1":{"start":{"line":2,"column":16},"end":{"line":2,"column":44}},"2":{"start":{"line":3,"column":13},"end":{"line":3,"column":38}},"3":{"start":{"line":4,"column":21},"end":{"line":4,"column":53}},"4":{"start":{"line":5,"column":25},"end":{"line":5,"column":57}},"5":{"start":{"line":14,"column":22},"end":{"line":42,"column":2}},"6":{"start":{"line":15,"column":33},"end":{"line":15,"column":41}},"7":{"start":{"line":17,"column":2},"end":{"line":19,"column":3}},"8":{"start":{"line":18,"column":4},"end":{"line":18,"column":79}},"9":{"start":{"line":21,"column":21},"end":{"line":21,"column":50}},"10":{"start":{"line":22,"column":21},"end":{"line":22,"column":50}},"11":{"start":{"line":24,"column":2},"end":{"line":26,"column":3}},"12":{"start":{"line":25,"column":4},"end":{"line":25,"column":59}},"13":{"start":{"line":27,"column":15},"end":{"line":27,"column":70}},"14":{"start":{"line":28,"column":18},"end":{"line":32,"column":4}},"15":{"start":{"line":33,"column":2},"end":{"line":41,"column":3}},"16":{"start":{"line":34,"column":4},"end":{"line":34,"column":34}},"17":{"start":{"line":36,"column":4},"end":{"line":40,"column":6}},"18":{"start":{"line":51,"column":23},"end":{"line":70,"column":2}},"19":{"start":{"line":52,"column":19},"end":{"line":56,"column":11}},"20":{"start":{"line":57,"column":2},"end":{"line":69,"column":3}},"21":{"start":{"line":58,"column":22},"end":{"line":65,"column":6}},"22":{"start":{"line":59,"column":18},"end":{"line":59,"column":72}},"23":{"start":{"line":60,"column":20},"end":{"line":60,"column":49}},"24":{"start":{"line":61,"column":19},"end":{"line":61,"column":33}},"25":{"start":{"line":62,"column":17},"end":{"line":62,"column":29}},"26":{"start":{"line":64,"column":6},"end":{"line":64,"column":64}},"27":{"start":{"line":66,"column":4},"end":{"line":66,"column":26}},"28":{"start":{"line":68,"column":4},"end":{"line":68,"column":52}},"29":{"start":{"line":79,"column":28},"end":{"line":101,"column":2}},"30":{"start":{"line":80,"column":19},"end":{"line":86,"column":11}},"31":{"start":{"line":87,"column":2},"end":{"line":100,"column":3}},"32":{"start":{"line":88,"column":22},"end":{"line":96,"column":6}},"33":{"start":{"line":89,"column":18},"end":{"line":89,"column":72}},"34":{"start":{"line":90,"column":20},"end":{"line":90,"column":49}},"35":{"start":{"line":91,"column":19},"end":{"line":91,"column":33}},"36":{"start":{"line":93,"column":17},"end":{"line":93,"column":29}},"37":{"start":{"line":95,"column":6},"end":{"line":95,"column":64}},"38":{"start":{"line":97,"column":4},"end":{"line":97,"column":26}},"39":{"start":{"line":99,"column":4},"end":{"line":99,"column":51}},"40":{"start":{"line":110,"column":19},"end":{"line":127,"column":2}},"41":{"start":{"line":111,"column":18},"end":{"line":114,"column":11}},"42":{"start":{"line":116,"column":2},"end":{"line":126,"column":3}},"43":{"start":{"line":117,"column":15},"end":{"line":117,"column":17}},"44":{"start":{"line":118,"column":4},"end":{"line":118,"column":72}},"45":{"start":{"line":119,"column":4},"end":{"line":119,"column":49}},"46":{"start":{"line":120,"column":4},"end":{"line":120,"column":27}},"47":{"start":{"line":121,"column":4},"end":{"line":121,"column":33}},"48":{"start":{"line":122,"column":4},"end":{"line":122,"column":29}},"49":{"start":{"line":123,"column":4},"end":{"line":123,"column":19}},"50":{"start":{"line":125,"column":4},"end":{"line":125,"column":51}},"51":{"start":{"line":136,"column":22},"end":{"line":150,"column":2}},"52":{"start":{"line":137,"column":18},"end":{"line":137,"column":55}},"53":{"start":{"line":139,"column":2},"end":{"line":149,"column":3}},"54":{"start":{"line":140,"column":4},"end":{"line":140,"column":61}},"55":{"start":{"line":141,"column":4},"end":{"line":141,"column":61}},"56":{"start":{"line":142,"column":4},"end":{"line":142,"column":55}},"57":{"start":{"line":144,"column":27},"end":{"line":144,"column":47}},"58":{"start":{"line":146,"column":4},"end":{"line":146,"column":41}},"59":{"start":{"line":148,"column":4},"end":{"line":148,"column":51}},"60":{"start":{"line":166,"column":22},"end":{"line":174,"column":2}},"61":{"start":{"line":167,"column":18},"end":{"line":167,"column":55}},"62":{"start":{"line":168,"column":2},"end":{"line":173,"column":3}},"63":{"start":{"line":169,"column":4},"end":{"line":169,"column":27}},"64":{"start":{"line":170,"column":4},"end":{"line":170,"column":45}},"65":{"start":{"line":172,"column":4},"end":{"line":172,"column":51}},"66":{"start":{"line":176,"column":0},"end":{"line":183,"column":2}}},"fnMap":{"0":{"name":"(anonymous_0)","decl":{"start":{"line":14,"column":35},"end":{"line":14,"column":36}},"loc":{"start":{"line":14,"column":55},"end":{"line":42,"column":1}},"line":14},"1":{"name":"(anonymous_1)","decl":{"start":{"line":51,"column":36},"end":{"line":51,"column":37}},"loc":{"start":{"line":51,"column":56},"end":{"line":70,"column":1}},"line":51},"2":{"name":"(anonymous_2)","decl":{"start":{"line":58,"column":35},"end":{"line":58,"column":36}},"loc":{"start":{"line":58,"column":48},"end":{"line":65,"column":5}},"line":58},"3":{"name":"(anonymous_3)","decl":{"start":{"line":79,"column":41},"end":{"line":79,"column":42}},"loc":{"start":{"line":79,"column":61},"end":{"line":101,"column":1}},"line":79},"4":{"name":"(anonymous_4)","decl":{"start":{"line":88,"column":35},"end":{"line":88,"column":36}},"loc":{"start":{"line":88,"column":48},"end":{"line":96,"column":5}},"line":88},"5":{"name":"(anonymous_5)","decl":{"start":{"line":110,"column":32},"end":{"line":110,"column":33}},"loc":{"start":{"line":110,"column":52},"end":{"line":127,"column":1}},"line":110},"6":{"name":"(anonymous_6)","decl":{"start":{"line":136,"column":35},"end":{"line":136,"column":36}},"loc":{"start":{"line":136,"column":55},"end":{"line":150,"column":1}},"line":136},"7":{"name":"(anonymous_7)","decl":{"start":{"line":166,"column":35},"end":{"line":166,"column":36}},"loc":{"start":{"line":166,"column":55},"end":{"line":174,"column":1}},"line":166}},"branchMap":{"0":{"loc":{"start":{"line":17,"column":2},"end":{"line":19,"column":3}},"type":"if","locations":[{"start":{"line":17,"column":2},"end":{"line":19,"column":3}},{"start":{"line":17,"column":2},"end":{"line":19,"column":3}}],"line":17},"1":{"loc":{"start":{"line":24,"column":2},"end":{"line":26,"column":3}},"type":"if","locations":[{"start":{"line":24,"column":2},"end":{"line":26,"column":3}},{"start":{"line":24,"column":2},"end":{"line":26,"column":3}}],"line":24},"2":{"loc":{"start":{"line":24,"column":6},"end":{"line":24,"column":36}},"type":"binary-expr","locations":[{"start":{"line":24,"column":6},"end":{"line":24,"column":19}},{"start":{"line":24,"column":23},"end":{"line":24,"column":36}}],"line":24},"3":{"loc":{"start":{"line":33,"column":2},"end":{"line":41,"column":3}},"type":"if","locations":[{"start":{"line":33,"column":2},"end":{"line":41,"column":3}},{"start":{"line":33,"column":2},"end":{"line":41,"column":3}}],"line":33},"4":{"loc":{"start":{"line":57,"column":2},"end":{"line":69,"column":3}},"type":"if","locations":[{"start":{"line":57,"column":2},"end":{"line":69,"column":3}},{"start":{"line":57,"column":2},"end":{"line":69,"column":3}}],"line":57},"5":{"loc":{"start":{"line":87,"column":2},"end":{"line":100,"column":3}},"type":"if","locations":[{"start":{"line":87,"column":2},"end":{"line":100,"column":3}},{"start":{"line":87,"column":2},"end":{"line":100,"column":3}}],"line":87},"6":{"loc":{"start":{"line":116,"column":2},"end":{"line":126,"column":3}},"type":"if","locations":[{"start":{"line":116,"column":2},"end":{"line":126,"column":3}},{"start":{"line":116,"column":2},"end":{"line":126,"column":3}}],"line":116},"7":{"loc":{"start":{"line":139,"column":2},"end":{"line":149,"column":3}},"type":"if","locations":[{"start":{"line":139,"column":2},"end":{"line":149,"column":3}},{"start":{"line":139,"column":2},"end":{"line":149,"column":3}}],"line":139},"8":{"loc":{"start":{"line":140,"column":23},"end":{"line":140,"column":60}},"type":"binary-expr","locations":[{"start":{"line":140,"column":23},"end":{"line":140,"column":40}},{"start":{"line":140,"column":44},"end":{"line":140,"column":60}}],"line":140},"9":{"loc":{"start":{"line":141,"column":23},"end":{"line":141,"column":60}},"type":"binary-expr","locations":[{"start":{"line":141,"column":23},"end":{"line":141,"column":40}},{"start":{"line":141,"column":44},"end":{"line":141,"column":60}}],"line":141},"10":{"loc":{"start":{"line":142,"column":21},"end":{"line":142,"column":54}},"type":"binary-expr","locations":[{"start":{"line":142,"column":21},"end":{"line":142,"column":36}},{"start":{"line":142,"column":40},"end":{"line":142,"column":54}}],"line":142},"11":{"loc":{"start":{"line":168,"column":2},"end":{"line":173,"column":3}},"type":"if","locations":[{"start":{"line":168,"column":2},"end":{"line":173,"column":3}},{"start":{"line":168,"column":2},"end":{"line":173,"column":3}}],"line":168}},"s":{"0":1,"1":1,"2":1,"3":1,"4":1,"5":1,"6":0,"7":0,"8":0,"9":0,"10":0,"11":0,"12":0,"13":0,"14":0,"15":0,"16":0,"17":0,"18":1,"19":0,"20":0,"21":0,"22":0,"23":0,"24":0,"25":0,"26":0,"27":0,"28":0,"29":1,"30":0,"31":0,"32":0,"33":0,"34":0,"35":0,"36":0,"37":0,"38":0,"39":0,"40":1,"41":0,"42":0,"43":0,"44":0,"45":0,"46":0,"47":0,"48":0,"49":0,"50":0,"51":1,"52":0,"53":0,"54":0,"55":0,"56":0,"57":0,"58":0,"59":0,"60":1,"61":0,"62":0,"63":0,"64":0,"65":0,"66":1},"f":{"0":0,"1":0,"2":0,"3":0,"4":0,"5":0,"6":0,"7":0},"b":{"0":[0,0],"1":[0,0],"2":[0,0],"3":[0,0],"4":[0,0],"5":[0,0],"6":[0,0],"7":[0,0],"8":[0,0],"9":[0,0],"10":[0,0],"11":[0,0]},"_coverageSchema":"1a1c01bbd47fc00a2c39e90264f33305004495a9","hash":"ddb26af7751284b214e003fd4b65c1d7073266ea"}
,"/Users/arifayanidowu/Desktop/dev/tutorials/sportex/src/controllers/teamController.js": {"path":"/Users/arifayanidowu/Desktop/dev/tutorials/sportex/src/controllers/teamController.js","statementMap":{"0":{"start":{"line":1,"column":21},"end":{"line":1,"column":53}},"1":{"start":{"line":2,"column":13},"end":{"line":2,"column":38}},"2":{"start":{"line":3,"column":21},"end":{"line":3,"column":53}},"3":{"start":{"line":12,"column":19},"end":{"line":35,"column":2}},"4":{"start":{"line":13,"column":28},"end":{"line":13,"column":36}},"5":{"start":{"line":15,"column":21},"end":{"line":15,"column":49}},"6":{"start":{"line":16,"column":2},"end":{"line":18,"column":3}},"7":{"start":{"line":17,"column":4},"end":{"line":17,"column":57}},"8":{"start":{"line":19,"column":2},"end":{"line":21,"column":3}},"9":{"start":{"line":20,"column":4},"end":{"line":20,"column":70}},"10":{"start":{"line":22,"column":15},"end":{"line":25,"column":4}},"11":{"start":{"line":27,"column":2},"end":{"line":34,"column":3}},"12":{"start":{"line":28,"column":4},"end":{"line":31,"column":7}},"13":{"start":{"line":33,"column":4},"end":{"line":33,"column":51}},"14":{"start":{"line":44,"column":17},"end":{"line":52,"column":2}},"15":{"start":{"line":45,"column":16},"end":{"line":45,"column":42}},"16":{"start":{"line":47,"column":2},"end":{"line":51,"column":3}},"17":{"start":{"line":48,"column":4},"end":{"line":48,"column":32}},"18":{"start":{"line":50,"column":4},"end":{"line":50,"column":50}},"19":{"start":{"line":61,"column":20},"end":{"line":69,"column":2}},"20":{"start":{"line":62,"column":15},"end":{"line":62,"column":49}},"21":{"start":{"line":64,"column":2},"end":{"line":68,"column":3}},"22":{"start":{"line":65,"column":4},"end":{"line":65,"column":19}},"23":{"start":{"line":67,"column":4},"end":{"line":67,"column":53}},"24":{"start":{"line":78,"column":19},"end":{"line":93,"column":2}},"25":{"start":{"line":79,"column":15},"end":{"line":79,"column":49}},"26":{"start":{"line":80,"column":2},"end":{"line":92,"column":3}},"27":{"start":{"line":81,"column":4},"end":{"line":81,"column":43}},"28":{"start":{"line":82,"column":4},"end":{"line":82,"column":52}},"29":{"start":{"line":83,"column":24},"end":{"line":83,"column":41}},"30":{"start":{"line":85,"column":4},"end":{"line":89,"column":7}},"31":{"start":{"line":91,"column":4},"end":{"line":91,"column":53}},"32":{"start":{"line":102,"column":19},"end":{"line":110,"column":2}},"33":{"start":{"line":103,"column":15},"end":{"line":103,"column":49}},"34":{"start":{"line":104,"column":2},"end":{"line":109,"column":3}},"35":{"start":{"line":105,"column":4},"end":{"line":105,"column":24}},"36":{"start":{"line":106,"column":4},"end":{"line":106,"column":42}},"37":{"start":{"line":108,"column":4},"end":{"line":108,"column":53}},"38":{"start":{"line":112,"column":0},"end":{"line":118,"column":2}}},"fnMap":{"0":{"name":"(anonymous_0)","decl":{"start":{"line":12,"column":32},"end":{"line":12,"column":33}},"loc":{"start":{"line":12,"column":52},"end":{"line":35,"column":1}},"line":12},"1":{"name":"(anonymous_1)","decl":{"start":{"line":44,"column":30},"end":{"line":44,"column":31}},"loc":{"start":{"line":44,"column":50},"end":{"line":52,"column":1}},"line":44},"2":{"name":"(anonymous_2)","decl":{"start":{"line":61,"column":33},"end":{"line":61,"column":34}},"loc":{"start":{"line":61,"column":53},"end":{"line":69,"column":1}},"line":61},"3":{"name":"(anonymous_3)","decl":{"start":{"line":78,"column":32},"end":{"line":78,"column":33}},"loc":{"start":{"line":78,"column":52},"end":{"line":93,"column":1}},"line":78},"4":{"name":"(anonymous_4)","decl":{"start":{"line":102,"column":32},"end":{"line":102,"column":33}},"loc":{"start":{"line":102,"column":52},"end":{"line":110,"column":1}},"line":102}},"branchMap":{"0":{"loc":{"start":{"line":16,"column":2},"end":{"line":18,"column":3}},"type":"if","locations":[{"start":{"line":16,"column":2},"end":{"line":18,"column":3}},{"start":{"line":16,"column":2},"end":{"line":18,"column":3}}],"line":16},"1":{"loc":{"start":{"line":19,"column":2},"end":{"line":21,"column":3}},"type":"if","locations":[{"start":{"line":19,"column":2},"end":{"line":21,"column":3}},{"start":{"line":19,"column":2},"end":{"line":21,"column":3}}],"line":19},"2":{"loc":{"start":{"line":19,"column":6},"end":{"line":19,"column":23}},"type":"binary-expr","locations":[{"start":{"line":19,"column":6},"end":{"line":19,"column":11}},{"start":{"line":19,"column":15},"end":{"line":19,"column":23}}],"line":19},"3":{"loc":{"start":{"line":27,"column":2},"end":{"line":34,"column":3}},"type":"if","locations":[{"start":{"line":27,"column":2},"end":{"line":34,"column":3}},{"start":{"line":27,"column":2},"end":{"line":34,"column":3}}],"line":27},"4":{"loc":{"start":{"line":47,"column":2},"end":{"line":51,"column":3}},"type":"if","locations":[{"start":{"line":47,"column":2},"end":{"line":51,"column":3}},{"start":{"line":47,"column":2},"end":{"line":51,"column":3}}],"line":47},"5":{"loc":{"start":{"line":64,"column":2},"end":{"line":68,"column":3}},"type":"if","locations":[{"start":{"line":64,"column":2},"end":{"line":68,"column":3}},{"start":{"line":64,"column":2},"end":{"line":68,"column":3}}],"line":64},"6":{"loc":{"start":{"line":80,"column":2},"end":{"line":92,"column":3}},"type":"if","locations":[{"start":{"line":80,"column":2},"end":{"line":92,"column":3}},{"start":{"line":80,"column":2},"end":{"line":92,"column":3}}],"line":80},"7":{"loc":{"start":{"line":81,"column":16},"end":{"line":81,"column":42}},"type":"binary-expr","locations":[{"start":{"line":81,"column":16},"end":{"line":81,"column":29}},{"start":{"line":81,"column":33},"end":{"line":81,"column":42}}],"line":81},"8":{"loc":{"start":{"line":82,"column":19},"end":{"line":82,"column":51}},"type":"binary-expr","locations":[{"start":{"line":82,"column":19},"end":{"line":82,"column":35}},{"start":{"line":82,"column":39},"end":{"line":82,"column":51}}],"line":82},"9":{"loc":{"start":{"line":104,"column":2},"end":{"line":109,"column":3}},"type":"if","locations":[{"start":{"line":104,"column":2},"end":{"line":109,"column":3}},{"start":{"line":104,"column":2},"end":{"line":109,"column":3}}],"line":104}},"s":{"0":1,"1":1,"2":1,"3":1,"4":0,"5":0,"6":0,"7":0,"8":0,"9":0,"10":0,"11":0,"12":0,"13":0,"14":1,"15":0,"16":0,"17":0,"18":0,"19":1,"20":0,"21":0,"22":0,"23":0,"24":1,"25":0,"26":0,"27":0,"28":0,"29":0,"30":0,"31":0,"32":1,"33":0,"34":0,"35":0,"36":0,"37":0,"38":1},"f":{"0":0,"1":0,"2":0,"3":0,"4":0},"b":{"0":[0,0],"1":[0,0],"2":[0,0],"3":[0,0],"4":[0,0],"5":[0,0],"6":[0,0],"7":[0,0],"8":[0,0],"9":[0,0]},"_coverageSchema":"1a1c01bbd47fc00a2c39e90264f33305004495a9","hash":"0f361de814cea33158c339973c077894dd4c9ba9"}
,"/Users/arifayanidowu/Desktop/dev/tutorials/sportex/src/controllers/userController.js": {"path":"/Users/arifayanidowu/Desktop/dev/tutorials/sportex/src/controllers/userController.js","statementMap":{"0":{"start":{"line":1,"column":21},"end":{"line":1,"column":53}},"1":{"start":{"line":2,"column":13},"end":{"line":2,"column":38}},"2":{"start":{"line":3,"column":17},"end":{"line":3,"column":45}},"3":{"start":{"line":5,"column":21},"end":{"line":5,"column":53}},"4":{"start":{"line":13,"column":17},"end":{"line":29,"column":2}},"5":{"start":{"line":14,"column":30},"end":{"line":14,"column":38}},"6":{"start":{"line":16,"column":15},"end":{"line":16,"column":44}},"7":{"start":{"line":18,"column":2},"end":{"line":28,"column":3}},"8":{"start":{"line":19,"column":4},"end":{"line":25,"column":7}},"9":{"start":{"line":27,"column":4},"end":{"line":27,"column":58}},"10":{"start":{"line":38,"column":21},"end":{"line":69,"column":2}},"11":{"start":{"line":39,"column":45},"end":{"line":39,"column":53}},"12":{"start":{"line":41,"column":2},"end":{"line":43,"column":3}},"13":{"start":{"line":42,"column":4},"end":{"line":42,"column":78}},"14":{"start":{"line":45,"column":21},"end":{"line":45,"column":50}},"15":{"start":{"line":47,"column":2},"end":{"line":49,"column":3}},"16":{"start":{"line":48,"column":4},"end":{"line":48,"column":58}},"17":{"start":{"line":51,"column":15},"end":{"line":56,"column":4}},"18":{"start":{"line":58,"column":2},"end":{"line":68,"column":3}},"19":{"start":{"line":59,"column":4},"end":{"line":65,"column":7}},"20":{"start":{"line":67,"column":4},"end":{"line":67,"column":56}},"21":{"start":{"line":78,"column":17},"end":{"line":85,"column":2}},"22":{"start":{"line":79,"column":16},"end":{"line":79,"column":35}},"23":{"start":{"line":80,"column":2},"end":{"line":84,"column":3}},"24":{"start":{"line":81,"column":4},"end":{"line":81,"column":20}},"25":{"start":{"line":83,"column":4},"end":{"line":83,"column":56}},"26":{"start":{"line":93,"column":20},"end":{"line":106,"column":2}},"27":{"start":{"line":94,"column":15},"end":{"line":94,"column":69}},"28":{"start":{"line":96,"column":2},"end":{"line":105,"column":3}},"29":{"start":{"line":97,"column":4},"end":{"line":102,"column":7}},"30":{"start":{"line":104,"column":4},"end":{"line":104,"column":53}},"31":{"start":{"line":115,"column":23},"end":{"line":128,"column":2}},"32":{"start":{"line":116,"column":15},"end":{"line":116,"column":48}},"33":{"start":{"line":118,"column":2},"end":{"line":127,"column":3}},"34":{"start":{"line":119,"column":4},"end":{"line":124,"column":7}},"35":{"start":{"line":126,"column":4},"end":{"line":126,"column":53}},"36":{"start":{"line":137,"column":19},"end":{"line":156,"column":2}},"37":{"start":{"line":138,"column":15},"end":{"line":138,"column":49}},"38":{"start":{"line":140,"column":2},"end":{"line":155,"column":3}},"39":{"start":{"line":141,"column":4},"end":{"line":141,"column":43}},"40":{"start":{"line":142,"column":4},"end":{"line":142,"column":46}},"41":{"start":{"line":143,"column":4},"end":{"line":143,"column":52}},"42":{"start":{"line":145,"column":24},"end":{"line":145,"column":41}},"43":{"start":{"line":147,"column":4},"end":{"line":152,"column":7}},"44":{"start":{"line":154,"column":4},"end":{"line":154,"column":53}},"45":{"start":{"line":165,"column":19},"end":{"line":174,"column":2}},"46":{"start":{"line":166,"column":15},"end":{"line":166,"column":49}},"47":{"start":{"line":168,"column":2},"end":{"line":173,"column":3}},"48":{"start":{"line":169,"column":4},"end":{"line":169,"column":24}},"49":{"start":{"line":170,"column":4},"end":{"line":170,"column":42}},"50":{"start":{"line":172,"column":4},"end":{"line":172,"column":53}},"51":{"start":{"line":176,"column":0},"end":{"line":185,"column":2}}},"fnMap":{"0":{"name":"(anonymous_0)","decl":{"start":{"line":13,"column":30},"end":{"line":13,"column":31}},"loc":{"start":{"line":13,"column":50},"end":{"line":29,"column":1}},"line":13},"1":{"name":"(anonymous_1)","decl":{"start":{"line":38,"column":34},"end":{"line":38,"column":35}},"loc":{"start":{"line":38,"column":54},"end":{"line":69,"column":1}},"line":38},"2":{"name":"(anonymous_2)","decl":{"start":{"line":78,"column":30},"end":{"line":78,"column":31}},"loc":{"start":{"line":78,"column":50},"end":{"line":85,"column":1}},"line":78},"3":{"name":"(anonymous_3)","decl":{"start":{"line":93,"column":33},"end":{"line":93,"column":34}},"loc":{"start":{"line":93,"column":53},"end":{"line":106,"column":1}},"line":93},"4":{"name":"(anonymous_4)","decl":{"start":{"line":115,"column":36},"end":{"line":115,"column":37}},"loc":{"start":{"line":115,"column":56},"end":{"line":128,"column":1}},"line":115},"5":{"name":"(anonymous_5)","decl":{"start":{"line":137,"column":32},"end":{"line":137,"column":33}},"loc":{"start":{"line":137,"column":52},"end":{"line":156,"column":1}},"line":137},"6":{"name":"(anonymous_6)","decl":{"start":{"line":165,"column":32},"end":{"line":165,"column":33}},"loc":{"start":{"line":165,"column":52},"end":{"line":174,"column":1}},"line":165}},"branchMap":{"0":{"loc":{"start":{"line":18,"column":2},"end":{"line":28,"column":3}},"type":"if","locations":[{"start":{"line":18,"column":2},"end":{"line":28,"column":3}},{"start":{"line":18,"column":2},"end":{"line":28,"column":3}}],"line":18},"1":{"loc":{"start":{"line":18,"column":6},"end":{"line":18,"column":50}},"type":"binary-expr","locations":[{"start":{"line":18,"column":6},"end":{"line":18,"column":10}},{"start":{"line":18,"column":15},"end":{"line":18,"column":49}}],"line":18},"2":{"loc":{"start":{"line":41,"column":2},"end":{"line":43,"column":3}},"type":"if","locations":[{"start":{"line":41,"column":2},"end":{"line":43,"column":3}},{"start":{"line":41,"column":2},"end":{"line":43,"column":3}}],"line":41},"3":{"loc":{"start":{"line":41,"column":6},"end":{"line":41,"column":34}},"type":"binary-expr","locations":[{"start":{"line":41,"column":6},"end":{"line":41,"column":12}},{"start":{"line":41,"column":16},"end":{"line":41,"column":21}},{"start":{"line":41,"column":25},"end":{"line":41,"column":34}}],"line":41},"4":{"loc":{"start":{"line":47,"column":2},"end":{"line":49,"column":3}},"type":"if","locations":[{"start":{"line":47,"column":2},"end":{"line":49,"column":3}},{"start":{"line":47,"column":2},"end":{"line":49,"column":3}}],"line":47},"5":{"loc":{"start":{"line":58,"column":2},"end":{"line":68,"column":3}},"type":"if","locations":[{"start":{"line":58,"column":2},"end":{"line":68,"column":3}},{"start":{"line":58,"column":2},"end":{"line":68,"column":3}}],"line":58},"6":{"loc":{"start":{"line":80,"column":2},"end":{"line":84,"column":3}},"type":"if","locations":[{"start":{"line":80,"column":2},"end":{"line":84,"column":3}},{"start":{"line":80,"column":2},"end":{"line":84,"column":3}}],"line":80},"7":{"loc":{"start":{"line":96,"column":2},"end":{"line":105,"column":3}},"type":"if","locations":[{"start":{"line":96,"column":2},"end":{"line":105,"column":3}},{"start":{"line":96,"column":2},"end":{"line":105,"column":3}}],"line":96},"8":{"loc":{"start":{"line":118,"column":2},"end":{"line":127,"column":3}},"type":"if","locations":[{"start":{"line":118,"column":2},"end":{"line":127,"column":3}},{"start":{"line":118,"column":2},"end":{"line":127,"column":3}}],"line":118},"9":{"loc":{"start":{"line":140,"column":2},"end":{"line":155,"column":3}},"type":"if","locations":[{"start":{"line":140,"column":2},"end":{"line":155,"column":3}},{"start":{"line":140,"column":2},"end":{"line":155,"column":3}}],"line":140},"10":{"loc":{"start":{"line":141,"column":16},"end":{"line":141,"column":42}},"type":"binary-expr","locations":[{"start":{"line":141,"column":16},"end":{"line":141,"column":29}},{"start":{"line":141,"column":33},"end":{"line":141,"column":42}}],"line":141},"11":{"loc":{"start":{"line":142,"column":17},"end":{"line":142,"column":45}},"type":"binary-expr","locations":[{"start":{"line":142,"column":17},"end":{"line":142,"column":31}},{"start":{"line":142,"column":35},"end":{"line":142,"column":45}}],"line":142},"12":{"loc":{"start":{"line":143,"column":19},"end":{"line":143,"column":51}},"type":"binary-expr","locations":[{"start":{"line":143,"column":19},"end":{"line":143,"column":35}},{"start":{"line":143,"column":39},"end":{"line":143,"column":51}}],"line":143},"13":{"loc":{"start":{"line":168,"column":2},"end":{"line":173,"column":3}},"type":"if","locations":[{"start":{"line":168,"column":2},"end":{"line":173,"column":3}},{"start":{"line":168,"column":2},"end":{"line":173,"column":3}}],"line":168}},"s":{"0":1,"1":1,"2":1,"3":1,"4":1,"5":10,"6":10,"7":9,"8":1,"9":8,"10":1,"11":0,"12":0,"13":0,"14":0,"15":0,"16":0,"17":0,"18":0,"19":0,"20":0,"21":1,"22":0,"23":0,"24":0,"25":0,"26":1,"27":0,"28":0,"29":0,"30":0,"31":1,"32":0,"33":0,"34":0,"35":0,"36":1,"37":0,"38":0,"39":0,"40":0,"41":0,"42":0,"43":0,"44":0,"45":1,"46":0,"47":0,"48":0,"49":0,"50":0,"51":1},"f":{"0":10,"1":0,"2":0,"3":0,"4":0,"5":0,"6":0},"b":{"0":[1,8],"1":[9,1],"2":[0,0],"3":[0,0,0],"4":[0,0],"5":[0,0],"6":[0,0],"7":[0,0],"8":[0,0],"9":[0,0],"10":[0,0],"11":[0,0],"12":[0,0],"13":[0,0]},"_coverageSchema":"1a1c01bbd47fc00a2c39e90264f33305004495a9","hash":"c18373641210bcf8fc70feec49cf0a4718c070dc"}
,"/Users/arifayanidowu/Desktop/dev/tutorials/sportex/src/middleware/auth.js": {"path":"/Users/arifayanidowu/Desktop/dev/tutorials/sportex/src/middleware/auth.js","statementMap":{"0":{"start":{"line":1,"column":12},"end":{"line":1,"column":35}},"1":{"start":{"line":2,"column":21},"end":{"line":2,"column":53}},"2":{"start":{"line":3,"column":13},"end":{"line":3,"column":38}},"3":{"start":{"line":4,"column":21},"end":{"line":4,"column":53}},"4":{"start":{"line":6,"column":16},"end":{"line":29,"column":2}},"5":{"start":{"line":9,"column":2},"end":{"line":24,"column":3}},"6":{"start":{"line":13,"column":4},"end":{"line":23,"column":5}},"7":{"start":{"line":14,"column":6},"end":{"line":14,"column":54}},"8":{"start":{"line":16,"column":22},"end":{"line":16,"column":63}},"9":{"start":{"line":18,"column":6},"end":{"line":18,"column":69}},"10":{"start":{"line":20,"column":6},"end":{"line":20,"column":13}},"11":{"start":{"line":22,"column":6},"end":{"line":22,"column":68}},"12":{"start":{"line":26,"column":2},"end":{"line":28,"column":3}},"13":{"start":{"line":27,"column":4},"end":{"line":27,"column":62}},"14":{"start":{"line":31,"column":14},"end":{"line":37,"column":1}},"15":{"start":{"line":32,"column":2},"end":{"line":36,"column":3}},"16":{"start":{"line":33,"column":4},"end":{"line":33,"column":11}},"17":{"start":{"line":35,"column":4},"end":{"line":35,"column":64}},"18":{"start":{"line":39,"column":0},"end":{"line":42,"column":2}}},"fnMap":{"0":{"name":"(anonymous_0)","decl":{"start":{"line":6,"column":29},"end":{"line":6,"column":30}},"loc":{"start":{"line":6,"column":55},"end":{"line":29,"column":1}},"line":6},"1":{"name":"(anonymous_1)","decl":{"start":{"line":31,"column":14},"end":{"line":31,"column":15}},"loc":{"start":{"line":31,"column":34},"end":{"line":37,"column":1}},"line":31}},"branchMap":{"0":{"loc":{"start":{"line":9,"column":2},"end":{"line":24,"column":3}},"type":"if","locations":[{"start":{"line":9,"column":2},"end":{"line":24,"column":3}},{"start":{"line":9,"column":2},"end":{"line":24,"column":3}}],"line":9},"1":{"loc":{"start":{"line":10,"column":4},"end":{"line":11,"column":50}},"type":"binary-expr","locations":[{"start":{"line":10,"column":4},"end":{"line":10,"column":29}},{"start":{"line":11,"column":4},"end":{"line":11,"column":50}}],"line":10},"2":{"loc":{"start":{"line":26,"column":2},"end":{"line":28,"column":3}},"type":"if","locations":[{"start":{"line":26,"column":2},"end":{"line":28,"column":3}},{"start":{"line":26,"column":2},"end":{"line":28,"column":3}}],"line":26},"3":{"loc":{"start":{"line":32,"column":2},"end":{"line":36,"column":3}},"type":"if","locations":[{"start":{"line":32,"column":2},"end":{"line":36,"column":3}},{"start":{"line":32,"column":2},"end":{"line":36,"column":3}}],"line":32},"4":{"loc":{"start":{"line":32,"column":6},"end":{"line":32,"column":34}},"type":"binary-expr","locations":[{"start":{"line":32,"column":6},"end":{"line":32,"column":14}},{"start":{"line":32,"column":18},"end":{"line":32,"column":34}}],"line":32}},"s":{"0":1,"1":1,"2":1,"3":1,"4":1,"5":8,"6":8,"7":8,"8":8,"9":1,"10":1,"11":7,"12":1,"13":0,"14":1,"15":1,"16":0,"17":1,"18":1},"f":{"0":8,"1":1},"b":{"0":[8,0],"1":[8,8],"2":[0,1],"3":[0,1],"4":[1,0]},"_coverageSchema":"1a1c01bbd47fc00a2c39e90264f33305004495a9","hash":"d3c6ad2ad469a7f58a33333a2361af06f3c3463f"}
,"/Users/arifayanidowu/Desktop/dev/tutorials/sportex/src/models/Fixture.js": {"path":"/Users/arifayanidowu/Desktop/dev/tutorials/sportex/src/models/Fixture.js","statementMap":{"0":{"start":{"line":1,"column":17},"end":{"line":1,"column":36}},"1":{"start":{"line":3,"column":22},"end":{"line":25,"column":1}},"2":{"start":{"line":27,"column":0},"end":{"line":27,"column":68}}},"fnMap":{},"branchMap":{},"s":{"0":1,"1":1,"2":1},"f":{},"b":{},"_coverageSchema":"1a1c01bbd47fc00a2c39e90264f33305004495a9","hash":"7a24dcc8a5850c69e4f3b683cf0aa19e93c58852"}
,"/Users/arifayanidowu/Desktop/dev/tutorials/sportex/src/models/Team.js": {"path":"/Users/arifayanidowu/Desktop/dev/tutorials/sportex/src/models/Team.js","statementMap":{"0":{"start":{"line":1,"column":17},"end":{"line":1,"column":36}},"1":{"start":{"line":3,"column":19},"end":{"line":16,"column":1}},"2":{"start":{"line":18,"column":0},"end":{"line":18,"column":59}}},"fnMap":{},"branchMap":{},"s":{"0":1,"1":1,"2":1},"f":{},"b":{},"_coverageSchema":"1a1c01bbd47fc00a2c39e90264f33305004495a9","hash":"6157933871a3dbaae826140423d07b8a51c687a2"}
,"/Users/arifayanidowu/Desktop/dev/tutorials/sportex/src/models/User.js": {"path":"/Users/arifayanidowu/Desktop/dev/tutorials/sportex/src/models/User.js","statementMap":{"0":{"start":{"line":1,"column":17},"end":{"line":1,"column":36}},"1":{"start":{"line":2,"column":15},"end":{"line":2,"column":34}},"2":{"start":{"line":4,"column":19},"end":{"line":26,"column":1}},"3":{"start":{"line":28,"column":0},"end":{"line":30,"column":2}},"4":{"start":{"line":29,"column":2},"end":{"line":29,"column":62}},"5":{"start":{"line":32,"column":0},"end":{"line":39,"column":3}},"6":{"start":{"line":33,"column":2},"end":{"line":35,"column":3}},"7":{"start":{"line":34,"column":4},"end":{"line":34,"column":11}},"8":{"start":{"line":37,"column":15},"end":{"line":37,"column":39}},"9":{"start":{"line":38,"column":2},"end":{"line":38,"column":57}},"10":{"start":{"line":41,"column":0},"end":{"line":41,"column":59}}},"fnMap":{"0":{"name":"(anonymous_0)","decl":{"start":{"line":28,"column":35},"end":{"line":28,"column":36}},"loc":{"start":{"line":28,"column":68},"end":{"line":30,"column":1}},"line":28},"1":{"name":"(anonymous_1)","decl":{"start":{"line":32,"column":23},"end":{"line":32,"column":24}},"loc":{"start":{"line":32,"column":45},"end":{"line":39,"column":1}},"line":32}},"branchMap":{"0":{"loc":{"start":{"line":33,"column":2},"end":{"line":35,"column":3}},"type":"if","locations":[{"start":{"line":33,"column":2},"end":{"line":35,"column":3}},{"start":{"line":33,"column":2},"end":{"line":35,"column":3}}],"line":33}},"s":{"0":1,"1":1,"2":1,"3":1,"4":1,"5":1,"6":66,"7":0,"8":66,"9":66,"10":1},"f":{"0":1,"1":66},"b":{"0":[0,66]},"_coverageSchema":"1a1c01bbd47fc00a2c39e90264f33305004495a9","hash":"a3be6fb6c2cea80e76eceb2f099a5ae17898b47e"}
,"/Users/arifayanidowu/Desktop/dev/tutorials/sportex/src/routes/fixturesRoute.js": {"path":"/Users/arifayanidowu/Desktop/dev/tutorials/sportex/src/routes/fixturesRoute.js","statementMap":{"0":{"start":{"line":1,"column":16},"end":{"line":1,"column":34}},"1":{"start":{"line":9,"column":4},"end":{"line":9,"column":47}},"2":{"start":{"line":11,"column":27},"end":{"line":11,"column":56}},"3":{"start":{"line":12,"column":14},"end":{"line":12,"column":39}},"4":{"start":{"line":14,"column":15},"end":{"line":14,"column":31}},"5":{"start":{"line":16,"column":0},"end":{"line":19,"column":47}},"6":{"start":{"line":21,"column":0},"end":{"line":21,"column":59}},"7":{"start":{"line":22,"column":0},"end":{"line":22,"column":70}},"8":{"start":{"line":24,"column":0},"end":{"line":27,"column":41}},"9":{"start":{"line":29,"column":0},"end":{"line":29,"column":24}}},"fnMap":{},"branchMap":{},"s":{"0":1,"1":1,"2":1,"3":1,"4":1,"5":1,"6":1,"7":1,"8":1,"9":1},"f":{},"b":{},"_coverageSchema":"1a1c01bbd47fc00a2c39e90264f33305004495a9","hash":"41b1763b9d022d9715cf13895d22526c20f777cf"}
,"/Users/arifayanidowu/Desktop/dev/tutorials/sportex/src/routes/searchRoute.js": {"path":"/Users/arifayanidowu/Desktop/dev/tutorials/sportex/src/routes/searchRoute.js","statementMap":{"0":{"start":{"line":1,"column":16},"end":{"line":1,"column":34}},"1":{"start":{"line":2,"column":16},"end":{"line":2,"column":44}},"2":{"start":{"line":3,"column":13},"end":{"line":3,"column":38}},"3":{"start":{"line":4,"column":14},"end":{"line":4,"column":39}},"4":{"start":{"line":6,"column":15},"end":{"line":6,"column":31}},"5":{"start":{"line":8,"column":0},"end":{"line":56,"column":3}},"6":{"start":{"line":9,"column":21},"end":{"line":9,"column":30}},"7":{"start":{"line":11,"column":2},"end":{"line":11,"column":22}},"8":{"start":{"line":13,"column":16},"end":{"line":13,"column":42}},"9":{"start":{"line":14,"column":19},"end":{"line":18,"column":11}},"10":{"start":{"line":19,"column":2},"end":{"line":55,"column":3}},"11":{"start":{"line":20,"column":22},"end":{"line":26,"column":6}},"12":{"start":{"line":21,"column":18},"end":{"line":21,"column":72}},"13":{"start":{"line":22,"column":20},"end":{"line":22,"column":49}},"14":{"start":{"line":23,"column":19},"end":{"line":23,"column":33}},"15":{"start":{"line":25,"column":6},"end":{"line":25,"column":58}},"16":{"start":{"line":27,"column":25},"end":{"line":27,"column":50}},"17":{"start":{"line":28,"column":18},"end":{"line":50,"column":6}},"18":{"start":{"line":29,"column":6},"end":{"line":49,"column":7}},"19":{"start":{"line":30,"column":8},"end":{"line":46,"column":10}},"20":{"start":{"line":48,"column":8},"end":{"line":48,"column":20}},"21":{"start":{"line":51,"column":4},"end":{"line":51,"column":22}},"22":{"start":{"line":53,"column":4},"end":{"line":53,"column":20}},"23":{"start":{"line":54,"column":4},"end":{"line":54,"column":39}},"24":{"start":{"line":58,"column":0},"end":{"line":58,"column":24}}},"fnMap":{"0":{"name":"(anonymous_0)","decl":{"start":{"line":8,"column":37},"end":{"line":8,"column":38}},"loc":{"start":{"line":8,"column":57},"end":{"line":56,"column":1}},"line":8},"1":{"name":"(anonymous_1)","decl":{"start":{"line":20,"column":35},"end":{"line":20,"column":36}},"loc":{"start":{"line":20,"column":48},"end":{"line":26,"column":5}},"line":20},"2":{"name":"(anonymous_2)","decl":{"start":{"line":28,"column":40},"end":{"line":28,"column":41}},"loc":{"start":{"line":28,"column":50},"end":{"line":50,"column":5}},"line":28}},"branchMap":{"0":{"loc":{"start":{"line":19,"column":2},"end":{"line":55,"column":3}},"type":"if","locations":[{"start":{"line":19,"column":2},"end":{"line":55,"column":3}},{"start":{"line":19,"column":2},"end":{"line":55,"column":3}}],"line":19},"1":{"loc":{"start":{"line":29,"column":6},"end":{"line":49,"column":7}},"type":"if","locations":[{"start":{"line":29,"column":6},"end":{"line":49,"column":7}},{"start":{"line":29,"column":6},"end":{"line":49,"column":7}}],"line":29},"2":{"loc":{"start":{"line":31,"column":10},"end":{"line":45,"column":62}},"type":"binary-expr","locations":[{"start":{"line":31,"column":11},"end":{"line":31,"column":20}},{"start":{"line":32,"column":12},"end":{"line":35,"column":61}},{"start":{"line":36,"column":11},"end":{"line":36,"column":21}},{"start":{"line":37,"column":12},"end":{"line":40,"column":61}},{"start":{"line":41,"column":11},"end":{"line":41,"column":22}},{"start":{"line":42,"column":12},"end":{"line":45,"column":61}}],"line":31},"3":{"loc":{"start":{"line":35,"column":23},"end":{"line":35,"column":53}},"type":"binary-expr","locations":[{"start":{"line":35,"column":23},"end":{"line":35,"column":29}},{"start":{"line":35,"column":33},"end":{"line":35,"column":53}}],"line":35},"4":{"loc":{"start":{"line":40,"column":23},"end":{"line":40,"column":53}},"type":"binary-expr","locations":[{"start":{"line":40,"column":23},"end":{"line":40,"column":29}},{"start":{"line":40,"column":33},"end":{"line":40,"column":53}}],"line":40},"5":{"loc":{"start":{"line":45,"column":23},"end":{"line":45,"column":53}},"type":"binary-expr","locations":[{"start":{"line":45,"column":23},"end":{"line":45,"column":29}},{"start":{"line":45,"column":33},"end":{"line":45,"column":53}}],"line":45}},"s":{"0":1,"1":1,"2":1,"3":1,"4":1,"5":1,"6":0,"7":0,"8":0,"9":0,"10":0,"11":0,"12":0,"13":0,"14":0,"15":0,"16":0,"17":0,"18":0,"19":0,"20":0,"21":0,"22":0,"23":0,"24":1},"f":{"0":0,"1":0,"2":0},"b":{"0":[0,0],"1":[0,0],"2":[0,0,0,0,0,0],"3":[0,0],"4":[0,0],"5":[0,0]},"_coverageSchema":"1a1c01bbd47fc00a2c39e90264f33305004495a9","hash":"7378af571cdac54458952a18e8996153105b6a28"}
,"/Users/arifayanidowu/Desktop/dev/tutorials/sportex/src/routes/teamsRoute.js": {"path":"/Users/arifayanidowu/Desktop/dev/tutorials/sportex/src/routes/teamsRoute.js","statementMap":{"0":{"start":{"line":1,"column":16},"end":{"line":1,"column":34}},"1":{"start":{"line":8,"column":4},"end":{"line":8,"column":44}},"2":{"start":{"line":10,"column":27},"end":{"line":10,"column":56}},"3":{"start":{"line":11,"column":14},"end":{"line":11,"column":39}},"4":{"start":{"line":12,"column":15},"end":{"line":12,"column":31}},"5":{"start":{"line":14,"column":0},"end":{"line":17,"column":41}},"6":{"start":{"line":19,"column":0},"end":{"line":23,"column":38}},"7":{"start":{"line":25,"column":0},"end":{"line":25,"column":24}}},"fnMap":{},"branchMap":{},"s":{"0":1,"1":1,"2":1,"3":1,"4":1,"5":1,"6":1,"7":1},"f":{},"b":{},"_coverageSchema":"1a1c01bbd47fc00a2c39e90264f33305004495a9","hash":"5a467e705bad7b631d9cc7bb52eca3310eb49f72"}
,"/Users/arifayanidowu/Desktop/dev/tutorials/sportex/src/routes/usersRoute.js": {"path":"/Users/arifayanidowu/Desktop/dev/tutorials/sportex/src/routes/usersRoute.js","statementMap":{"0":{"start":{"line":1,"column":16},"end":{"line":1,"column":34}},"1":{"start":{"line":11,"column":4},"end":{"line":11,"column":44}},"2":{"start":{"line":13,"column":27},"end":{"line":13,"column":56}},"3":{"start":{"line":14,"column":14},"end":{"line":14,"column":39}},"4":{"start":{"line":16,"column":15},"end":{"line":16,"column":31}},"5":{"start":{"line":18,"column":0},"end":{"line":18,"column":32}},"6":{"start":{"line":20,"column":0},"end":{"line":20,"column":39}},"7":{"start":{"line":22,"column":0},"end":{"line":22,"column":63}},"8":{"start":{"line":24,"column":0},"end":{"line":24,"column":67}},"9":{"start":{"line":26,"column":0},"end":{"line":30,"column":38}},"10":{"start":{"line":32,"column":0},"end":{"line":32,"column":24}}},"fnMap":{},"branchMap":{},"s":{"0":1,"1":1,"2":1,"3":1,"4":1,"5":1,"6":1,"7":1,"8":1,"9":1,"10":1},"f":{},"b":{},"_coverageSchema":"1a1c01bbd47fc00a2c39e90264f33305004495a9","hash":"13969b4a3b3af845f6be601bc2f9068698d2b889"}
,"/Users/arifayanidowu/Desktop/dev/tutorials/sportex/src/utils/cache.js": {"path":"/Users/arifayanidowu/Desktop/dev/tutorials/sportex/src/utils/cache.js","statementMap":{"0":{"start":{"line":1,"column":26},"end":{"line":1,"column":56}},"1":{"start":{"line":3,"column":14},"end":{"line":5,"column":2}},"2":{"start":{"line":7,"column":0},"end":{"line":7,"column":23}}},"fnMap":{},"branchMap":{},"s":{"0":1,"1":1,"2":1},"f":{},"b":{},"_coverageSchema":"1a1c01bbd47fc00a2c39e90264f33305004495a9","hash":"8d98f1c9dc8f5ec3991ef042ef92b625e3117074"}
,"/Users/arifayanidowu/Desktop/dev/tutorials/sportex/src/utils/errorHandler.js": {"path":"/Users/arifayanidowu/Desktop/dev/tutorials/sportex/src/utils/errorHandler.js","statementMap":{"0":{"start":{"line":1,"column":0},"end":{"line":6,"column":2}},"1":{"start":{"line":2,"column":2},"end":{"line":5,"column":5}}},"fnMap":{"0":{"name":"(anonymous_0)","decl":{"start":{"line":1,"column":32},"end":{"line":1,"column":33}},"loc":{"start":{"line":1,"column":73},"end":{"line":6,"column":1}},"line":1}},"branchMap":{"0":{"loc":{"start":{"line":1,"column":49},"end":{"line":1,"column":59}},"type":"default-arg","locations":[{"start":{"line":1,"column":56},"end":{"line":1,"column":59}}],"line":1}},"s":{"0":1,"1":16},"f":{"0":16},"b":{"0":[0]},"_coverageSchema":"1a1c01bbd47fc00a2c39e90264f33305004495a9","hash":"9727438c7abefcd8fe23b08fb67047569cd961c4"}
,"/Users/arifayanidowu/Desktop/dev/tutorials/sportex/src/utils/genToken.js": {"path":"/Users/arifayanidowu/Desktop/dev/tutorials/sportex/src/utils/genToken.js","statementMap":{"0":{"start":{"line":1,"column":12},"end":{"line":1,"column":35}},"1":{"start":{"line":3,"column":17},"end":{"line":7,"column":1}},"2":{"start":{"line":4,"column":2},"end":{"line":6,"column":5}},"3":{"start":{"line":9,"column":0},"end":{"line":9,"column":26}}},"fnMap":{"0":{"name":"(anonymous_0)","decl":{"start":{"line":3,"column":17},"end":{"line":3,"column":18}},"loc":{"start":{"line":3,"column":25},"end":{"line":7,"column":1}},"line":3}},"branchMap":{},"s":{"0":1,"1":1,"2":1,"3":1},"f":{"0":1},"b":{},"_coverageSchema":"1a1c01bbd47fc00a2c39e90264f33305004495a9","hash":"6c8e5260ecb276ea36122337713189c61af02b11"}
,"/Users/arifayanidowu/Desktop/dev/tutorials/sportex/src/utils/generateLink.js": {"path":"/Users/arifayanidowu/Desktop/dev/tutorials/sportex/src/utils/generateLink.js","statementMap":{"0":{"start":{"line":1,"column":21},"end":{"line":12,"column":1}},"1":{"start":{"line":2,"column":15},"end":{"line":2,"column":17}},"2":{"start":{"line":3,"column":16},"end":{"line":3,"column":22}},"3":{"start":{"line":4,"column":2},"end":{"line":8,"column":3}},"4":{"start":{"line":5,"column":4},"end":{"line":5,"column":48}},"5":{"start":{"line":6,"column":9},"end":{"line":8,"column":3}},"6":{"start":{"line":7,"column":4},"end":{"line":7,"column":52}},"7":{"start":{"line":9,"column":19},"end":{"line":9,"column":43}},"8":{"start":{"line":10,"column":19},"end":{"line":10,"column":43}},"9":{"start":{"line":11,"column":2},"end":{"line":11,"column":64}},"10":{"start":{"line":14,"column":17},"end":{"line":33,"column":1}},"11":{"start":{"line":16,"column":4},"end":{"line":18,"column":43}},"12":{"start":{"line":20,"column":21},"end":{"line":20,"column":22}},"13":{"start":{"line":22,"column":4},"end":{"line":22,"column":68}},"14":{"start":{"line":23,"column":13},"end":{"line":23,"column":15}},"15":{"start":{"line":25,"column":2},"end":{"line":28,"column":3}},"16":{"start":{"line":25,"column":15},"end":{"line":25,"column":16}},"17":{"start":{"line":26,"column":18},"end":{"line":26,"column":59}},"18":{"start":{"line":27,"column":4},"end":{"line":27,"column":32}},"19":{"start":{"line":30,"column":15},"end":{"line":30,"column":51}},"20":{"start":{"line":32,"column":2},"end":{"line":32,"column":14}},"21":{"start":{"line":35,"column":0},"end":{"line":38,"column":2}}},"fnMap":{"0":{"name":"(anonymous_0)","decl":{"start":{"line":1,"column":21},"end":{"line":1,"column":22}},"loc":{"start":{"line":1,"column":42},"end":{"line":12,"column":1}},"line":1},"1":{"name":"(anonymous_1)","decl":{"start":{"line":14,"column":17},"end":{"line":14,"column":18}},"loc":{"start":{"line":14,"column":23},"end":{"line":33,"column":1}},"line":14}},"branchMap":{"0":{"loc":{"start":{"line":4,"column":2},"end":{"line":8,"column":3}},"type":"if","locations":[{"start":{"line":4,"column":2},"end":{"line":8,"column":3}},{"start":{"line":4,"column":2},"end":{"line":8,"column":3}}],"line":4},"1":{"loc":{"start":{"line":6,"column":9},"end":{"line":8,"column":3}},"type":"if","locations":[{"start":{"line":6,"column":9},"end":{"line":8,"column":3}},{"start":{"line":6,"column":9},"end":{"line":8,"column":3}}],"line":6},"2":{"loc":{"start":{"line":16,"column":4},"end":{"line":18,"column":43}},"type":"cond-expr","locations":[{"start":{"line":17,"column":8},"end":{"line":17,"column":31}},{"start":{"line":18,"column":8},"end":{"line":18,"column":43}}],"line":16}},"s":{"0":1,"1":0,"2":0,"3":0,"4":0,"5":0,"6":0,"7":0,"8":0,"9":0,"10":1,"11":2,"12":2,"13":2,"14":2,"15":2,"16":2,"17":16,"18":16,"19":2,"20":2,"21":1},"f":{"0":0,"1":2},"b":{"0":[0,0],"1":[0,0],"2":[0,2]},"_coverageSchema":"1a1c01bbd47fc00a2c39e90264f33305004495a9","hash":"b1beee0bb71c3413c7d0447e251c0400452fd9a8"}
,"/Users/arifayanidowu/Desktop/dev/tutorials/sportex/tests/seeds/seeds.js": {"path":"/Users/arifayanidowu/Desktop/dev/tutorials/sportex/tests/seeds/seeds.js","statementMap":{"0":{"start":{"line":1,"column":16},"end":{"line":1,"column":36}},"1":{"start":{"line":2,"column":21},"end":{"line":2,"column":46}},"2":{"start":{"line":3,"column":12},"end":{"line":3,"column":38}},"3":{"start":{"line":4,"column":16},"end":{"line":4,"column":51}},"4":{"start":{"line":5,"column":13},"end":{"line":5,"column":45}},"5":{"start":{"line":6,"column":13},"end":{"line":6,"column":45}},"6":{"start":{"line":7,"column":21},"end":{"line":7,"column":60}},"7":{"start":{"line":9,"column":13},"end":{"line":15,"column":1}},"8":{"start":{"line":10,"column":22},"end":{"line":10,"column":44}},"9":{"start":{"line":12,"column":2},"end":{"line":12,"column":25}},"10":{"start":{"line":14,"column":2},"end":{"line":14,"column":21}},"11":{"start":{"line":17,"column":17},"end":{"line":25,"column":1}},"12":{"start":{"line":18,"column":22},"end":{"line":18,"column":44}},"13":{"start":{"line":20,"column":2},"end":{"line":20,"column":25}},"14":{"start":{"line":22,"column":2},"end":{"line":22,"column":54}},"15":{"start":{"line":24,"column":2},"end":{"line":24,"column":21}},"16":{"start":{"line":27,"column":16},"end":{"line":35,"column":1}},"17":{"start":{"line":28,"column":22},"end":{"line":28,"column":43}},"18":{"start":{"line":30,"column":2},"end":{"line":30,"column":25}},"19":{"start":{"line":32,"column":2},"end":{"line":32,"column":54}},"20":{"start":{"line":34,"column":2},"end":{"line":34,"column":21}},"21":{"start":{"line":37,"column":12},"end":{"line":41,"column":1}},"22":{"start":{"line":38,"column":22},"end":{"line":38,"column":43}},"23":{"start":{"line":39,"column":2},"end":{"line":39,"column":25}},"24":{"start":{"line":40,"column":2},"end":{"line":40,"column":21}},"25":{"start":{"line":43,"column":12},"end":{"line":46,"column":1}},"26":{"start":{"line":44,"column":22},"end":{"line":44,"column":43}},"27":{"start":{"line":45,"column":2},"end":{"line":45,"column":21}},"28":{"start":{"line":48,"column":16},"end":{"line":52,"column":1}},"29":{"start":{"line":49,"column":22},"end":{"line":49,"column":43}},"30":{"start":{"line":50,"column":2},"end":{"line":50,"column":54}},"31":{"start":{"line":51,"column":2},"end":{"line":51,"column":21}},"32":{"start":{"line":54,"column":19},"end":{"line":60,"column":1}},"33":{"start":{"line":55,"column":22},"end":{"line":55,"column":46}},"34":{"start":{"line":57,"column":2},"end":{"line":57,"column":54}},"35":{"start":{"line":59,"column":2},"end":{"line":59,"column":21}},"36":{"start":{"line":62,"column":14},"end":{"line":105,"column":1}},"37":{"start":{"line":107,"column":22},"end":{"line":127,"column":1}},"38":{"start":{"line":108,"column":2},"end":{"line":126,"column":24}},"39":{"start":{"line":110,"column":22},"end":{"line":110,"column":47}},"40":{"start":{"line":111,"column":22},"end":{"line":111,"column":47}},"41":{"start":{"line":112,"column":24},"end":{"line":112,"column":49}},"42":{"start":{"line":113,"column":23},"end":{"line":113,"column":48}},"43":{"start":{"line":114,"column":23},"end":{"line":114,"column":48}},"44":{"start":{"line":115,"column":22},"end":{"line":115,"column":47}},"45":{"start":{"line":117,"column":6},"end":{"line":124,"column":9}},"46":{"start":{"line":126,"column":16},"end":{"line":126,"column":22}},"47":{"start":{"line":129,"column":14},"end":{"line":150,"column":1}},"48":{"start":{"line":152,"column":22},"end":{"line":163,"column":1}},"49":{"start":{"line":153,"column":2},"end":{"line":162,"column":24}},"50":{"start":{"line":155,"column":22},"end":{"line":155,"column":47}},"51":{"start":{"line":156,"column":22},"end":{"line":156,"column":47}},"52":{"start":{"line":157,"column":24},"end":{"line":157,"column":49}},"53":{"start":{"line":158,"column":23},"end":{"line":158,"column":48}},"54":{"start":{"line":160,"column":6},"end":{"line":160,"column":66}},"55":{"start":{"line":162,"column":16},"end":{"line":162,"column":22}},"56":{"start":{"line":165,"column":17},"end":{"line":180,"column":1}},"57":{"start":{"line":182,"column":25},"end":{"line":191,"column":1}},"58":{"start":{"line":183,"column":2},"end":{"line":190,"column":24}},"59":{"start":{"line":185,"column":25},"end":{"line":185,"column":56}},"60":{"start":{"line":186,"column":25},"end":{"line":186,"column":56}},"61":{"start":{"line":188,"column":6},"end":{"line":188,"column":51}},"62":{"start":{"line":190,"column":16},"end":{"line":190,"column":22}},"63":{"start":{"line":193,"column":0},"end":{"line":207,"column":2}}},"fnMap":{"0":{"name":"(anonymous_0)","decl":{"start":{"line":9,"column":13},"end":{"line":9,"column":14}},"loc":{"start":{"line":9,"column":28},"end":{"line":15,"column":1}},"line":9},"1":{"name":"(anonymous_1)","decl":{"start":{"line":17,"column":17},"end":{"line":17,"column":18}},"loc":{"start":{"line":17,"column":39},"end":{"line":25,"column":1}},"line":17},"2":{"name":"(anonymous_2)","decl":{"start":{"line":27,"column":16},"end":{"line":27,"column":17}},"loc":{"start":{"line":27,"column":38},"end":{"line":35,"column":1}},"line":27},"3":{"name":"(anonymous_3)","decl":{"start":{"line":37,"column":12},"end":{"line":37,"column":13}},"loc":{"start":{"line":37,"column":27},"end":{"line":41,"column":1}},"line":37},"4":{"name":"(anonymous_4)","decl":{"start":{"line":43,"column":12},"end":{"line":43,"column":13}},"loc":{"start":{"line":43,"column":21},"end":{"line":46,"column":1}},"line":43},"5":{"name":"(anonymous_5)","decl":{"start":{"line":48,"column":16},"end":{"line":48,"column":17}},"loc":{"start":{"line":48,"column":32},"end":{"line":52,"column":1}},"line":48},"6":{"name":"(anonymous_6)","decl":{"start":{"line":54,"column":19},"end":{"line":54,"column":20}},"loc":{"start":{"line":54,"column":35},"end":{"line":60,"column":1}},"line":54},"7":{"name":"(anonymous_7)","decl":{"start":{"line":107,"column":22},"end":{"line":107,"column":23}},"loc":{"start":{"line":107,"column":32},"end":{"line":127,"column":1}},"line":107},"8":{"name":"(anonymous_8)","decl":{"start":{"line":109,"column":10},"end":{"line":109,"column":11}},"loc":{"start":{"line":109,"column":16},"end":{"line":125,"column":5}},"line":109},"9":{"name":"(anonymous_9)","decl":{"start":{"line":126,"column":10},"end":{"line":126,"column":11}},"loc":{"start":{"line":126,"column":16},"end":{"line":126,"column":22}},"line":126},"10":{"name":"(anonymous_10)","decl":{"start":{"line":152,"column":22},"end":{"line":152,"column":23}},"loc":{"start":{"line":152,"column":32},"end":{"line":163,"column":1}},"line":152},"11":{"name":"(anonymous_11)","decl":{"start":{"line":154,"column":10},"end":{"line":154,"column":11}},"loc":{"start":{"line":154,"column":16},"end":{"line":161,"column":5}},"line":154},"12":{"name":"(anonymous_12)","decl":{"start":{"line":162,"column":10},"end":{"line":162,"column":11}},"loc":{"start":{"line":162,"column":16},"end":{"line":162,"column":22}},"line":162},"13":{"name":"(anonymous_13)","decl":{"start":{"line":182,"column":25},"end":{"line":182,"column":26}},"loc":{"start":{"line":182,"column":35},"end":{"line":191,"column":1}},"line":182},"14":{"name":"(anonymous_14)","decl":{"start":{"line":184,"column":10},"end":{"line":184,"column":11}},"loc":{"start":{"line":184,"column":16},"end":{"line":189,"column":5}},"line":184},"15":{"name":"(anonymous_15)","decl":{"start":{"line":190,"column":10},"end":{"line":190,"column":11}},"loc":{"start":{"line":190,"column":16},"end":{"line":190,"column":22}},"line":190}},"branchMap":{},"s":{"0":1,"1":1,"2":1,"3":1,"4":1,"5":1,"6":1,"7":1,"8":14,"9":14,"10":14,"11":1,"12":4,"13":4,"14":4,"15":4,"16":1,"17":0,"18":0,"19":0,"20":0,"21":1,"22":0,"23":0,"24":0,"25":1,"26":0,"27":0,"28":1,"29":4,"30":4,"31":4,"32":1,"33":0,"34":0,"35":0,"36":1,"37":1,"38":14,"39":11,"40":11,"41":11,"42":11,"43":11,"44":11,"45":11,"46":4,"47":1,"48":1,"49":14,"50":11,"51":11,"52":11,"53":11,"54":11,"55":5,"56":1,"57":1,"58":0,"59":0,"60":0,"61":0,"62":0,"63":1},"f":{"0":14,"1":4,"2":0,"3":0,"4":0,"5":4,"6":0,"7":14,"8":11,"9":4,"10":14,"11":11,"12":5,"13":0,"14":0,"15":0},"b":{},"_coverageSchema":"1a1c01bbd47fc00a2c39e90264f33305004495a9","hash":"26a895d4e07e9a7bb76bd2934c1cb849ef14ecef"}
}
